\BOOKMARK [1][-]{section.1}{\376\377\137\025\212\000}{}% 1
\BOOKMARK [2][-]{subsection.1.1}{\376\377\230\171\166\356\200\314\146\157\123\321\134\125\123\312\141\017\116\111}{section.1}% 2
\BOOKMARK [3][-]{subsubsection.1.1.1}{\376\377\133\371\137\256\117\341\121\154\117\027\123\367\200\314\146\157\170\024\172\166}{subsection.1.1}% 3
\BOOKMARK [3][-]{subsubsection.1.1.2}{\376\377\150\300\175\042\174\373\176\337\170\024\172\166\123\321\134\125}{subsection.1.1}% 4
\BOOKMARK [3][-]{subsubsection.1.1.3}{\376\377\162\054\206\153\142\200\147\057\166\204\170\024\172\166\123\321\134\125}{subsection.1.1}% 5
\BOOKMARK [3][-]{subsubsection.1.1.4}{\376\377\166\356\166\204\116\016\141\017\116\111}{subsection.1.1}% 6
\BOOKMARK [2][-]{subsection.1.2}{\376\377\170\024\172\166\121\205\133\271\123\312\145\271\154\325}{section.1}% 7
\BOOKMARK [3][-]{subsubsection.1.2.1}{\376\377\170\024\172\166\121\205\133\271}{subsection.1.2}% 8
\BOOKMARK [3][-]{subsubsection.1.2.2}{\376\377\170\024\172\166\145\271\154\325}{subsection.1.2}% 9
\BOOKMARK [2][-]{subsection.1.3}{\376\377\147\054\213\376\230\230\166\204\170\024\172\166\163\260\162\266}{section.1}% 10
\BOOKMARK [2][-]{subsection.1.4}{\376\377\147\054\172\340\134\017\176\323}{section.1}% 11
\BOOKMARK [1][-]{section.2}{\376\377\166\370\121\163\142\200\147\057\151\202\217\360}{}% 12
\BOOKMARK [2][-]{subsection.2.1}{\376\377\174\373\176\337\147\266\147\204\173\200\116\313}{section.2}% 13
\BOOKMARK [2][-]{subsection.2.2}{\376\377\174\373\176\337\137\000\123\321\150\070\137\303\142\200\147\057}{section.2}% 14
\BOOKMARK [3][-]{subsubsection.2.2.1}{\376\377\000J\000a\000v\000a\213\355\212\000\116\016\000S\000p\000r\000i\000n\000g\000\040\000B\000o\000o\000t\150\106\147\266}{subsection.2.2}% 15
\BOOKMARK [3][-]{subsubsection.2.2.2}{\376\377\000V\000u\000e\000.\000j\000s\122\115\172\357\150\106\147\266\116\016\000U\000I\176\304\116\366\136\223}{subsection.2.2}% 16
\BOOKMARK [3][-]{subsubsection.2.2.3}{\376\377\000M\000y\000S\000Q\000L\121\163\174\373\127\213\145\160\143\156\136\223}{subsection.2.2}% 17
\BOOKMARK [3][-]{subsubsection.2.2.4}{\376\377\000M\000a\000v\000e\000n\230\171\166\356\147\204\136\372\135\345\121\167}{subsection.2.2}% 18
\BOOKMARK [3][-]{subsubsection.2.2.5}{\376\377\000A\000p\000a\000c\000h\000e\000\040\000L\000u\000c\000e\000n\000e\121\150\145\207\150\300\175\042\137\025\144\316}{subsection.2.2}% 19
\BOOKMARK [2][-]{subsection.2.3}{\376\377\137\256\117\341\121\154\117\027\123\367\117\341\140\157\221\307\226\306\121\163\225\056\142\200\147\057}{section.2}% 20
\BOOKMARK [3][-]{subsubsection.2.3.1}{\376\377\000W\000e\000b\000M\000a\000g\000i\000c\162\054\206\153\150\106\147\266}{subsection.2.3}% 21
\BOOKMARK [2][-]{subsection.2.4}{\376\377\121\150\145\207\150\300\175\042\116\016\145\160\143\156\131\004\164\006\142\200\147\057}{section.2}% 22
\BOOKMARK [3][-]{subsubsection.2.4.1}{\376\377\000A\000p\000a\000c\000h\000e\000\040\000L\000u\000c\000e\000n\000e\121\150\145\207\150\300\175\042\137\025\144\316}{subsection.2.4}% 23
\BOOKMARK [2][-]{subsection.2.5}{\376\377\116\272\135\345\146\172\200\375\217\205\122\251\142\200\147\057\136\224\165\050}{section.2}% 24
\BOOKMARK [3][-]{subsubsection.2.5.1}{\376\377\000D\000e\000e\000p\000S\000e\000e\000k\000\040\000A\000I\152\041\127\213\000A\000P\000I}{subsection.2.5}% 25
\BOOKMARK [2][-]{subsection.2.6}{\376\377\147\054\172\340\134\017\176\323}{section.2}% 26
\BOOKMARK [1][-]{section.3}{\376\377\174\373\176\337\213\276\213\241\116\016\133\236\163\260}{}% 27
\BOOKMARK [2][-]{subsection.3.1}{\376\377\174\373\176\337\140\073\117\123\147\266\147\204\116\016\213\276\213\241\140\035\140\363}{section.3}% 28
\BOOKMARK [3][-]{subsubsection.3.1.1}{\376\377\124\016\172\357\140\073\117\123\147\266\147\204\213\276\213\241\116\016\150\070\137\303\122\006\134\102}{subsection.3.1}% 29
\BOOKMARK [2][-]{subsection.3.2}{\376\377\145\160\143\156\136\223\213\346\176\306\213\276\213\241}{section.3}% 30
\BOOKMARK [3][-]{subsubsection.3.2.1}{\376\377\220\073\217\221\176\323\147\204\213\276\213\241}{subsection.3.2}% 31
\BOOKMARK [3][-]{subsubsection.3.2.2}{\376\377\162\151\164\006\176\323\147\204\213\276\213\241}{subsection.3.2}% 32
\BOOKMARK [2][-]{subsection.3.3}{\376\377\150\070\137\303\122\237\200\375\152\041\127\127\213\346\176\306\213\276\213\241\116\016\133\236\163\260}{section.3}% 33
\BOOKMARK [3][-]{subsubsection.3.3.1}{\376\377\162\054\206\153\152\041\127\127\213\276\213\241\116\016\133\236\163\260}{subsection.3.3}% 34
\BOOKMARK [3][-]{subsubsection.3.3.2}{\376\377\144\034\175\042\152\041\127\127\213\276\213\241\116\016\133\236\163\260}{subsection.3.3}% 35
\BOOKMARK [3][-]{subsubsection.3.3.3}{\376\377\000A\000I\144\130\211\201\152\041\127\127\213\276\213\241\116\016\133\236\163\260}{subsection.3.3}% 36
\BOOKMARK [3][-]{subsubsection.3.3.4}{\376\377\150\007\173\176\174\373\176\337\152\041\127\127\213\276\213\241\116\016\133\236\163\260}{subsection.3.3}% 37
\BOOKMARK [2][-]{subsection.3.4}{\376\377\150\070\137\303\152\041\127\127\143\245\123\343\213\276\213\241}{section.3}% 38
\BOOKMARK [2][-]{subsection.3.5}{\376\377\137\000\123\321\163\257\130\203\060\001\117\235\215\126\116\016\135\345\121\167}{section.3}% 39
\BOOKMARK [2][-]{subsection.3.6}{\376\377\147\054\172\340\134\017\176\323}{section.3}% 40
\BOOKMARK [1][-]{section.4}{\376\377\174\373\176\337\155\113\213\325\116\016\176\323\147\234\122\006\147\220}{}% 41
\BOOKMARK [2][-]{subsection.4.1}{\376\377\155\113\213\325\145\271\154\325\116\016\163\257\130\203}{section.4}% 42
\BOOKMARK [3][-]{subsubsection.4.1.1}{\376\377\155\113\213\325\145\271\154\325}{subsection.4.1}% 43
\BOOKMARK [3][-]{subsubsection.4.1.2}{\376\377\155\113\213\325\163\257\130\203}{subsection.4.1}% 44
\BOOKMARK [2][-]{subsection.4.2}{\376\377\116\073\211\201\122\237\200\375\152\041\127\127\155\113\213\325\165\050\117\213\116\016\176\323\147\234}{section.4}% 45
\BOOKMARK [3][-]{subsubsection.4.2.1}{\376\377\145\207\172\340\162\054\123\326\152\041\127\127\155\113\213\325\165\050\117\213}{subsection.4.2}% 46
\BOOKMARK [3][-]{subsubsection.4.2.2}{\376\377\145\207\172\340\144\034\175\042\152\041\127\127\155\113\213\325\165\050\117\213}{subsection.4.2}% 47
\BOOKMARK [3][-]{subsubsection.4.2.3}{\376\377\000A\000I\130\236\137\072\122\237\200\375\155\113\213\325\165\050\117\213}{subsection.4.2}% 48
\BOOKMARK [3][-]{subsubsection.4.2.4}{\376\377\122\115\172\357\165\114\227\142\116\016\165\050\142\067\117\123\232\214\155\113\213\325\165\050\117\213}{subsection.4.2}% 49
\BOOKMARK [2][-]{subsection.4.3}{\376\377\155\113\213\325\140\073\176\323\116\016\215\050\221\317\213\304\117\060}{section.4}% 50
\BOOKMARK [3][-]{subsubsection.4.3.1}{\376\377\155\113\213\325\142\147\210\114\151\202\121\265}{subsection.4.3}% 51
\BOOKMARK [3][-]{subsubsection.4.3.2}{\376\377\123\321\163\260\166\204\116\073\211\201\225\356\230\230}{subsection.4.3}% 52
\BOOKMARK [3][-]{subsubsection.4.3.3}{\376\377\155\113\213\325\176\323\213\272}{subsection.4.3}% 53
\BOOKMARK [1][-]{section.5}{\376\377\123\302\200\003\145\207\163\056}{}% 54
